<?xml version="1.0" encoding="UTF-8"?>
<!-- Generated by org.testng.reporters.JUnitReportReporter -->
<testsuite skipped="0" hostname="LAPTOP-B1J4CQE9" name="MobileApp.GoalTracker.GoalTest" tests="1" failures="0" timestamp="19 Feb 2020 13:34:02 GMT" time="62.228" errors="0">
  <testcase name="inputGoals" time="62.228" classname="MobileApp.GoalTracker.GoalTest"/>
</testsuite> <!-- MobileApp.GoalTracker.GoalTest -->
